<?xml version="1.0" encoding="UTF-8"?>
<!-- Generated by org.testng.reporters.JUnitXMLReporter -->
<testsuite hostname="DESKTOP-KR3620N" ignored="0" name="Surefire test" tests="6" failures="0" timestamp="2020-12-14T14:58:00 CET" time="0.075" errors="0">
  <testcase name="IOSApps on IOSApps(qaclickacademy.AppiumTest)" time="0.017" classname="qaclickacademy.AppiumTest"/>
  <testcase name="NativeAppAndroid on NativeAppAndroid(qaclickacademy.AppiumTest)" time="0.016" classname="qaclickacademy.AppiumTest"/>
  <testcase name="deleteTwitter on deleteTwitter(qaclickacademy.RestAPITest)" time="0.001" classname="qaclickacademy.RestAPITest"/>
  <testcase name="PostJira on PostJira(qaclickacademy.RestAPITest)" time="0.001" classname="qaclickacademy.RestAPITest"/>
  <testcase name="elementsUI on elementsUI(qaclickacademy.SeleniumTest)" time="0.0" classname="qaclickacademy.SeleniumTest"/>
  <testcase name="BrowserAutomation on BrowserAutomation(qaclickacademy.SeleniumTest)" time="0.001" classname="qaclickacademy.SeleniumTest"/>
</testsuite> <!-- Surefire test -->
